-3 -3
1 213
2 213
2 214
3 214
4 214
4 215
5 215
5 216
6 216
7 216
8 216
8 217
9 217
10 217
11 217
12 217
12 216
13 216
14 216
15 216
16 216
16 215
17 215
18 215
18 214
19 214
20 214
20 213
20 212
20 211
20 210
20 209
19 209
19 208
19 207
19 206
20 206
20 205
21 205
22 205
23 205
24 205
25 205
25 206
26 206
26 207
27 207
28 207
29 207
30 207
31 207
31 208
32 208
33 208
34 208
34 209
35 209
35 210
36 210
37 210
38 210
39 210
40 210
41 210
42 210
42 209
43 209
44 209
44 208
45 208
45 207
45 206
46 206
46 205
47 205
47 204
47 203
48 203
49 203
50 203
50 202
51 202
52 202
53 202
53 201
54 201
55 201
55 200
56 200
57 200
58 200
59 200
59 199
60 199
61 199
62 199
63 199
63 198
64 198
65 198
66 198
66 199
66 200
67 200
68 200
68 201
69 201
69 202
70 202
70 203
71 203
71 204
72 204
72 205
73 205
73 206
73 207
73 208
74 208
75 208
76 208
77 208
78 208
79 208
80 208
81 208
82 208
82 207
83 207
84 207
85 207
86 207
87 207
87 206
88 206
89 206
90 206
90 205
91 205
92 205
93 205
94 205
94 204
95 204
96 204
97 204
98 204
98 203
99 203
100 203
101 203
102 203
103 203
104 203
105 203
106 203
107 203
108 203
108 204
109 204
110 204
111 204
112 204
112 205
113 205
114 205
115 205
116 205
117 205
118 205
119 205
120 205
120 204
121 204
122 204
123 204
124 204
124 203
125 203
126 203
127 203
127 202
128 202
129 202
130 202
131 202
131 201
132 201
133 201
133 202
134 202
135 202
136 202
137 202
138 202
139 202
140 202
141 202
142 202
142 203
143 203
144 203
145 203
146 203
146 204
147 204
148 204
149 204
150 204
151 204
151 205
152 205
153 205
154 205
155 205
156 205
157 205
157 206
158 206
159 206
160 206
161 206
161 207
162 207
163 207
164 207
165 207
166 207
167 207
168 207
169 207
170 207
171 207
172 207
173 207
174 207
175 207
176 207
177 207
178 207
179 207
179 206
180 206
181 206
182 206
183 206
183 205
184 205
185 205
186 205
187 205
187 204
188 204
189 204
190 204
191 204
191 203
192 203
193 203
193 202
194 202
195 202
195 201
196 201
197 201
197 200
198 200
199 200
199 199
200 199
201 199
201 198
202 198
203 198
204 198
204 197
205 197
206 197
207 197
208 197
209 197
210 197
210 198
211 198
212 198
213 198
214 198
215 198
216 198
217 198
218 198
219 198
219 197
220 197
221 197
222 197
223 197
223 198
223 199
223 200
223 201
224 201
225 201
226 201
227 201
228 201
229 201
230 201
231 201
232 201
233 201
234 201
234 202
234 203
234 204
235 204
235 205
235 206
235 207
235 208
236 208
236 209
236 210
236 211
237 211
237 212
237 213
237 214
238 214
238 215
239 215
240 215
241 215
241 216
242 216
243 216
244 216
245 216
246 216
247 216
248 216
249 216
250 216
251 216
252 216
252 215
253 215
254 215
254 214
255 214
255 213
256 213
257 213
258 213
258 212
259 212
260 212
261 212
261 211
262 211
263 211
263 210
264 210
264 209
265 209
266 209
267 209
268 209
269 209
270 209
271 209
272 209
273 209
274 209
274 210
275 210
276 210
276 209
277 209
277 208
277 207
276 207
275 207
274 207
274 206
273 206
272 206
272 205
271 205
271 204
270 204
270 203
271 203
271 202
271 201
271 200
271 199
272 199
272 198
273 198
274 198
274 197
275 197
276 197
276 196
277 196
277 195
277 194
277 193
278 193
279 193
280 193
281 193
282 193
282 192
282 191
282 190
283 190
283 189
284 189
284 188
284 187
285 187
286 187
287 187
288 187
288 186
289 186
290 186
291 186
291 187
292 187
293 187
294 187
294 186
294 185
293 185
293 184
293 183
294 183
295 183
296 183
296 184
297 184
298 184
298 183
298 182
299 182
300 182
301 182
301 181
301 180
301 179
302 179
303 179
304 179
304 178
305 178
306 178
307 178
308 178
309 178
310 178
311 178
312 178
313 178
314 178
314 177
314 176
313 176
313 175
313 174
314 174
314 173
314 172
314 171
315 171
316 171
317 171
318 171
318 170
319 170
320 170
320 169
321 169
322 169
323 169
323 168
323 167
324 167
325 167
326 167
327 167
327 166
328 166
329 166
329 167
330 167
331 167
332 167
333 167
333 168
334 168
335 168
335 169
336 169
336 170
337 170
337 171
338 171
338 172
339 172
339 173
340 173
340 174
341 174
341 175
341 176
341 177
341 178
341 179
341 180
341 181
341 182
342 182
343 182
344 182
344 181
344 180
344 179
344 178
344 177
344 176
344 175
344 174
345 174
346 174
347 174
347 173
347 172
348 172
349 172
349 171
350 171
350 170
351 170
352 170
353 170
353 171
354 171
355 171
356 171
357 171
357 170
357 169
357 168
357 167
357 166
358 166
358 165
358 164
358 163
358 162
358 161
357 161
357 160
357 159
357 158
356 158
356 157
356 156
355 156
355 155
355 154
354 154
354 153
354 152
353 152
353 151
353 150
353 149
353 148
352 148
352 147
351 147
351 146
350 146
349 146
349 145
348 145
348 144
347 144
347 143
346 143
346 142
346 141
346 140
346 139
345 139
345 138
344 138
344 137
344 136
344 135
344 134
344 133
344 132
344 131
343 131
343 130
343 129
342 129
342 128
341 128
341 127
341 126
341 125
341 124
341 123
341 122
341 121
340 121
340 120
340 119
340 118
340 117
340 116
339 116
339 115
339 114
339 113
339 112
339 111
339 110
340 110
340 109
340 108
340 107
340 106
340 105
340 104
340 103
340 102
340 101
339 101
339 100
339 99
339 98
339 97
338 97
338 96
338 95
338 94
338 93
338 92
338 91
339 91
339 90
339 89
339 88
338 88
338 87
338 86
338 85
338 84
337 84
337 83
337 82
338 82
339 82
339 81
339 80
339 79
340 79
340 78
341 78
342 78
342 79
342 80
342 81
342 82
343 82
343 83
344 83
345 83
345 82
346 82
347 82
347 81
347 80
347 79
346 79
346 78
346 77
346 76
345 76
345 75
345 74
344 74
343 74
343 73
343 72
343 71
344 71
344 70
345 70
346 70
346 69
347 69
348 69
348 68
348 67
348 66
347 66
346 66
345 66
344 66
344 65
343 65
342 65
341 65
340 65
339 65
338 65
338 64
337 64
337 63
337 62
337 61
337 60
337 59
337 58
337 57
337 56
336 56
336 55
336 54
336 53
336 52
336 51
337 51
337 50
337 49
337 48
338 48
338 47
338 46
338 45
337 45
337 44
337 43
338 43
339 43
340 43
341 43
341 42
342 42
342 41
342 40
341 40
340 40
340 39
340 38
341 38
341 37
341 36
340 36
340 35
340 34
339 34
339 33
339 32
339 31
339 30
338 30
338 29
338 28
337 28
336 28
336 27
336 26
336 25
337 25
337 24
337 23
337 22
336 22
336 21
336 20
335 20
335 19
334 19
333 19
333 18
333 17
333 16
332 16
332 15
331 15
331 14
331 13
331 12
331 11
330 11
330 10
330 9
329 9
329 8
328 8
328 7
327 7
327 6
326 6
326 5
326 4
325 4
325 3
324 3
323 3
322 3
322 2
321 2
320 2
319 2
319 1
-10 -10
