-1 -1
141 381
142 381
142 380
143 380
144 380
145 380
145 379
146 379
147 379
148 379
148 378
149 378
150 378
151 378
152 378
152 377
153 377
154 377
155 377
155 378
156 378
157 378
157 379
158 379
158 380
158 381
159 381
159 382
160 382
161 382
161 383
162 383
162 384
163 384
163 385
163 386
164 386
164 387
165 387
166 387
166 386
166 385
167 385
168 385
168 386
168 387
169 387
170 387
171 387
171 386
172 386
173 386
173 385
173 384
173 383
173 382
173 381
173 380
172 380
172 379
171 379
171 378
171 377
171 376
171 375
171 374
171 373
171 372
171 371
172 371
172 370
173 370
173 369
173 368
174 368
174 367
175 367
175 366
175 365
174 365
173 365
172 365
171 365
170 365
169 365
168 365
167 365
167 366
167 367
166 367
165 367
165 366
165 365
164 365
164 364
163 364
163 363
163 362
163 361
164 361
164 360
164 359
164 358
163 358
163 357
162 357
161 357
160 357
159 357
159 356
159 355
158 355
158 354
158 353
157 353
157 352
157 351
157 350
157 349
157 348
157 347
158 347
158 346
158 345
158 344
159 344
159 343
159 342
158 342
158 341
158 340
158 339
158 338
157 338
156 338
155 338
155 337
155 336
156 336
156 335
156 334
157 334
157 333
157 332
157 331
158 331
158 330
159 330
160 330
160 329
160 328
160 327
159 327
159 326
159 325
159 324
158 324
158 323
158 322
158 321
159 321
159 320
160 320
161 320
162 320
163 320
163 321
164 321
165 321
166 321
167 321
167 320
167 319
166 319
165 319
165 318
164 318
163 318
162 318
161 318
161 317
160 317
160 316
160 315
159 315
159 314
158 314
158 313
158 312
158 311
158 310
158 309
158 308
157 308
157 307
157 306
157 305
157 304
157 303
157 302
157 301
157 300
157 299
157 298
157 297
157 296
156 296
156 295
156 294
156 293
156 292
156 291
156 290
156 289
156 288
155 288
155 287
155 286
156 286
156 285
157 285
157 284
157 283
156 283
156 282
156 281
156 280
156 279
156 278
156 277
156 276
156 275
156 274
157 274
157 273
158 273
158 272
159 272
160 272
160 271
160 270
160 269
159 269
158 269
158 268
158 267
159 267
159 266
160 266
160 267
161 267
161 268
162 268
162 269
162 270
163 270
163 271
164 271
164 272
165 272
166 272
166 273
167 273
167 274
167 275
166 275
165 275
165 276
165 277
166 277
167 277
167 278
168 278
169 278
169 279
170 279
170 280
170 281
170 282
171 282
171 283
172 283
172 284
173 284
173 285
173 286
173 287
174 287
174 288
174 289
175 289
175 290
175 291
176 291
176 292
176 293
177 293
177 294
178 294
178 295
178 296
178 297
178 298
179 298
179 299
179 300
179 301
180 301
181 301
182 301
182 302
183 302
183 303
183 304
184 304
184 305
184 306
185 306
185 307
186 307
186 308
186 309
187 309
187 310
188 310
188 311
188 312
189 312
189 313
189 314
189 315
190 315
190 316
191 316
191 317
191 318
191 319
192 319
192 320
192 321
192 322
192 323
192 324
192 325
193 325
193 326
193 327
194 327
194 328
194 329
194 330
194 331
194 332
195 332
195 333
195 334
195 335
196 335
196 336
197 336
197 337
197 338
197 339
197 340
197 341
198 341
198 342
198 343
198 344
199 344
199 345
199 346
199 347
200 347
200 348
200 349
201 349
201 350
201 351
201 352
202 352
202 353
202 354
202 355
202 356
203 356
203 357
203 358
203 359
204 359
204 360
204 361
204 362
204 363
204 364
204 365
205 365
205 366
206 366
206 367
206 368
206 369
206 370
206 371
206 372
206 373
207 373
207 374
208 374
208 375
208 376
208 377
209 377
209 378
209 379
208 379
207 379
206 379
206 380
205 380
205 381
205 382
205 383
206 383
206 384
206 385
206 386
207 386
208 386
209 386
210 386
210 385
210 384
211 384
211 383
211 382
211 381
211 380
212 380
213 380
213 381
214 381
214 382
214 383
215 383
215 384
215 385
215 386
216 386
216 387
216 388
216 389
216 390
217 390
217 391
217 392
217 393
216 393
216 394
215 394
215 395
214 395
214 396
213 396
212 396
212 397
211 397
210 397
209 397
208 397
207 397
206 397
206 398
206 399
206 400
205 400
205 401
205 402
204 402
204 403
203 403
203 404
203 405
203 406
203 407
203 408
203 409
202 409
202 410
202 411
201 411
200 411
199 411
198 411
198 412
198 413
198 414
199 414
199 415
199 416
199 417
199 418
199 419
198 419
198 420
198 421
197 421
197 422
196 422
196 423
195 423
195 424
194 424
193 424
193 423
192 423
191 423
190 423
189 423
189 422
188 422
187 422
186 422
185 422
185 423
185 424
185 425
186 425
187 425
187 426
187 427
186 427
186 428
186 429
187 429
188 429
189 429
189 430
189 431
189 432
189 433
188 433
188 434
188 435
187 435
187 436
187 437
188 437
189 437
190 437
191 437
192 437
192 438
193 438
194 438
194 437
194 436
194 435
195 435
195 434
195 433
196 433
196 432
196 431
197 431
197 430
197 429
198 429
198 428
198 427
198 426
199 426
199 425
200 425
200 424
200 423
200 422
201 422
201 421
201 420
202 420
202 419
202 418
203 418
203 417
203 416
204 416
204 415
204 414
204 413
205 413
205 412
205 411
205 410
206 410
206 409
206 408
207 408
207 407
207 406
207 405
207 404
208 404
208 403
209 403
209 402
210 402
210 401
211 401
212 401
212 400
213 400
214 400
214 399
215 399
216 399
216 398
217 398
218 398
219 398
219 399
220 399
221 399
222 399
222 400
222 401
223 401
223 402
223 403
223 404
223 405
224 405
224 406
224 407
225 407
225 408
226 408
226 409
226 410
226 411
227 411
227 412
227 413
227 414
227 415
227 416
227 417
227 418
228 418
228 419
228 420
228 421
229 421
229 422
229 423
230 423
230 424
230 425
231 425
231 426
231 427
231 428
231 429
230 429
230 430
229 430
228 430
227 430
226 430
226 431
225 431
224 431
224 432
223 432
223 433
222 433
221 433
221 432
220 432
219 432
219 433
218 433
217 433
216 433
215 433
214 433
214 434
214 435
213 435
213 436
212 436
212 437
211 437
211 438
211 439
211 440
210 440
210 441
210 442
210 443
210 444
210 445
210 446
210 447
209 447
209 448
209 449
209 450
208 450
208 451
207 451
207 452
206 452
206 453
206 454
206 455
206 456
206 457
205 457
205 458
205 459
205 460
205 461
206 461
207 461
207 460
207 459
207 458
208 458
208 457
208 456
209 456
209 455
209 454
210 454
210 453
211 453
211 452
212 452
212 451
212 450
212 449
212 448
213 448
213 447
213 446
213 445
214 445
214 444
214 443
215 443
215 442
215 441
216 441
216 440
216 439
217 439
217 438
218 438
218 437
219 437
220 437
220 436
221 436
222 436
222 435
223 435
224 435
225 435
225 434
226 434
226 433
227 433
228 433
229 433
230 433
231 433
232 433
233 433
233 434
233 435
232 435
232 436
232 437
232 438
232 439
231 439
231 440
231 441
231 442
231 443
230 443
230 444
230 445
229 445
228 445
228 446
228 447
227 447
227 448
227 449
227 450
227 451
227 452
228 452
229 452
229 451
229 450
230 450
230 449
231 449
231 448
231 447
232 447
232 446
232 445
233 445
233 444
234 444
234 443
234 442
234 441
234 440
234 439
235 439
235 438
235 437
236 437
236 438
236 439
236 440
235 440
235 441
235 442
235 443
236 443
237 443
238 443
238 444
239 444
240 444
241 444
241 445
242 445
242 446
242 447
242 448
243 448
243 449
244 449
244 450
244 451
245 451
245 452
245 453
245 454
245 455
245 456
245 457
245 458
244 458
244 459
243 459
243 460
242 460
242 461
241 461
241 462
241 463
241 464
241 465
240 465
240 466
239 466
238 466
238 467
237 467
236 467
236 468
235 468
235 469
234 469
234 470
233 470
233 471
232 471
231 471
231 472
231 473
231 474
231 475
230 475
230 476
229 476
229 477
229 478
229 479
228 479
228 480
227 480
226 480
225 480
224 480
224 479
223 479
223 478
223 477
223 476
222 476
221 476
220 476
219 476
219 475
218 475
217 475
216 475
216 474
215 474
214 474
214 473
213 473
213 472
212 472
212 471
211 471
210 471
210 470
209 470
208 470
208 471
208 472
209 472
209 473
210 473
210 474
210 475
210 476
211 476
212 476
213 476
213 477
213 478
214 478
215 478
215 479
216 479
217 479
218 479
219 479
219 480
220 480
221 480
221 481
221 482
222 482
222 483
223 483
224 483
224 484
225 484
225 485
225 486
224 486
224 487
224 488
223 488
223 489
223 490
223 491
222 491
221 491
221 492
221 493
221 494
221 495
220 495
219 495
218 495
218 496
217 496
217 497
217 498
217 499
217 500
217 501
217 502
217 503
217 504
216 504
216 505
215 505
214 505
213 505
213 504
212 504
211 504
211 503
210 503
209 503
209 504
208 504
207 504
207 503
206 503
205 503
205 502
204 502
203 502
202 502
202 501
201 501
200 501
199 501
199 502
199 503
199 504
198 504
198 505
198 506
197 506
197 507
196 507
196 508
195 508
195 509
194 509
193 509
193 508
193 507
192 507
191 507
190 507
190 506
189 506
189 505
189 504
189 503
188 503
187 503
187 504
187 505
187 506
187 507
187 508
187 509
187 510
187 511
188 511
188 512
187 512
186 512
185 512
185 513
185 514
184 514
183 514
183 513
183 512
182 512
182 511
182 510
182 509
182 508
182 507
182 506
182 505
181 505
180 505
180 506
180 507
180 508
179 508
178 508
177 508
176 508
175 508
174 508
174 507
173 507
173 506
173 505
172 505
171 505
171 506
171 507
170 507
170 508
169 508
168 508
167 508
167 507
166 507
166 506
165 506
165 505
164 505
164 504
163 504
162 504
162 503
162 502
161 502
161 501
161 500
162 500
162 499
162 498
161 498
161 497
160 497
160 496
159 496
158 496
158 495
158 494
157 494
157 493
156 493
156 492
156 491
156 490
157 490
158 490
158 489
158 488
159 488
159 487
159 486
158 486
158 485
158 484
158 483
157 483
157 482
157 481
158 481
159 481
159 480
159 479
158 479
158 478
158 477
159 477
160 477
161 477
161 476
161 475
161 474
161 473
161 472
161 471
161 470
161 469
161 468
160 468
159 468
159 467
159 466
159 465
160 465
160 464
161 464
161 465
162 465
162 466
163 466
164 466
164 465
164 464
164 463
165 463
165 462
165 461
164 461
163 461
163 460
162 460
161 460
160 460
159 460
159 459
159 458
159 457
159 456
159 455
160 455
160 454
160 453
161 453
162 453
162 452
162 451
162 450
162 449
163 449
164 449
165 449
166 449
167 449
168 449
168 448
168 447
167 447
167 446
166 446
165 446
164 446
164 445
163 445
163 444
163 443
163 442
163 441
164 441
164 440
165 440
165 439
165 438
164 438
163 438
162 438
161 438
161 437
161 436
161 435
161 434
161 433
161 432
161 431
161 430
161 429
162 429
162 428
163 428
163 427
163 426
163 425
163 424
163 423
164 423
164 422
164 421
164 420
164 419
165 419
165 418
166 418
166 417
167 417
167 416
167 415
168 415
168 414
169 414
169 413
170 413
170 412
170 411
170 410
170 409
170 408
170 407
169 407
169 408
168 408
168 409
168 410
167 410
167 411
166 411
166 412
165 412
165 413
164 413
163 413
162 413
162 414
161 414
160 414
159 414
159 413
159 412
159 411
159 410
158 410
158 409
158 408
157 408
156 408
156 407
156 406
156 405
155 405
154 405
153 405
153 404
153 403
154 403
155 403
155 402
155 401
154 401
154 400
153 400
153 399
152 399
152 398
152 397
153 397
154 397
155 397
155 396
156 396
156 395
156 394
156 393
155 393
154 393
154 392
154 391
153 391
152 391
151 391
150 391
149 391
148 391
148 390
147 390
146 390
146 389
145 389
145 388
145 387
144 387
144 386
144 385
143 385
143 384
142 384
142 383
141 383
141 382
141 381
-1 -1
148 94
149 94
149 95
150 95
150 96
151 96
151 97
151 98
151 99
152 99
152 100
152 101
152 102
151 102
150 102
150 101
150 100
149 100
149 99
149 98
148 98
148 97
148 96
148 95
148 94
-1 -1
160 223
161 223
161 222
162 222
162 221
163 221
164 221
164 222
165 222
166 222
167 222
167 223
168 223
169 223
170 223
170 224
171 224
172 224
173 224
174 224
175 224
176 224
176 225
176 226
175 226
175 227
174 227
173 227
172 227
171 227
170 227
169 227
168 227
168 228
168 229
169 229
169 230
169 231
168 231
167 231
166 231
166 232
165 232
165 233
164 233
163 233
163 232
162 232
162 231
162 230
162 229
162 228
162 227
162 226
161 226
160 226
160 225
160 224
160 223
-1 -1
167 148
168 148
168 147
168 146
168 145
168 144
169 144
169 145
170 145
170 146
171 146
171 147
172 147
172 148
172 149
173 149
174 149
174 150
175 150
175 151
175 152
176 152
177 152
177 151
178 151
178 152
179 152
180 152
181 152
182 152
183 152
184 152
184 153
185 153
185 154
185 155
185 156
185 157
184 157
184 158
184 159
185 159
186 159
187 159
187 158
188 158
189 158
189 159
190 159
190 160
191 160
192 160
193 160
193 159
193 158
193 157
194 157
194 158
195 158
196 158
197 158
198 158
199 158
199 159
200 159
200 160
201 160
201 161
201 162
202 162
202 163
202 164
201 164
201 165
201 166
201 167
201 168
200 168
200 169
199 169
199 170
198 170
197 170
196 170
195 170
194 170
194 169
193 169
193 168
192 168
192 167
192 166
191 166
190 166
190 167
190 168
189 168
189 169
188 169
187 169
187 168
186 168
186 167
185 167
184 167
184 166
183 166
182 166
181 166
180 166
180 167
180 168
180 169
181 169
182 169
183 169
184 169
184 170
184 171
185 171
185 172
185 173
185 174
185 175
184 175
183 175
183 176
182 176
182 177
181 177
180 177
180 178
179 178
178 178
177 178
176 178
176 177
176 176
176 175
176 174
175 174
174 174
173 174
173 173
172 173
172 172
171 172
171 171
170 171
169 171
168 171
168 170
167 170
167 169
168 169
169 169
169 170
170 170
171 170
172 170
173 170
173 169
174 169
174 168
174 167
175 167
175 166
175 165
176 165
177 165
178 165
178 164
179 164
179 163
179 162
178 162
178 161
177 161
177 160
176 160
175 160
174 160
174 159
173 159
172 159
172 158
173 158
173 157
173 156
172 156
172 155
171 155
171 154
170 154
169 154
168 154
168 153
167 153
167 152
168 152
168 151
168 150
167 150
167 149
167 148
-1 -1
176 135
177 135
178 135
179 135
180 135
181 135
182 135
182 134
182 133
182 132
183 132
184 132
185 132
185 131
186 131
187 131
188 131
189 131
189 130
189 129
189 128
189 127
188 127
187 127
186 127
186 126
186 125
185 125
185 124
185 123
185 122
184 122
184 121
184 120
184 119
183 119
182 119
182 118
181 118
181 117
181 116
182 116
182 115
182 114
181 114
181 113
181 112
181 111
181 110
182 110
182 109
181 109
181 108
181 107
181 106
180 106
180 105
180 104
179 104
179 103
178 103
178 102
178 101
179 101
179 100
179 99
179 98
180 98
180 97
180 96
180 95
181 95
181 94
181 93
181 92
181 91
181 90
181 89
181 88
181 87
181 86
181 85
182 85
183 85
184 85
185 85
186 85
186 84
186 83
185 83
184 83
183 83
182 83
182 82
181 82
181 81
182 81
182 80
182 79
183 79
183 78
183 77
184 77
184 76
184 75
184 74
184 73
183 73
183 72
183 71
183 70
183 69
182 69
182 68
183 68
183 67
183 66
184 66
185 66
186 66
186 65
186 64
186 63
187 63
188 63
188 62
188 61
189 61
190 61
190 60
191 60
192 60
192 61
192 62
191 62
191 63
191 64
192 64
192 65
193 65
193 66
193 67
193 68
193 69
193 70
194 70
194 71
194 72
194 73
195 73
195 74
195 75
195 76
195 77
195 78
195 79
196 79
197 79
197 78
197 77
197 76
197 75
197 74
197 73
197 72
197 71
197 70
197 69
197 68
197 67
198 67
199 67
200 67
200 68
201 68
201 69
201 70
201 71
201 72
201 73
201 74
201 75
202 75
203 75
203 76
203 77
203 78
203 79
204 79
205 79
205 80
206 80
206 81
206 82
205 82
205 83
204 83
204 84
204 85
204 86
203 86
203 87
203 88
202 88
201 88
200 88
199 88
199 89
198 89
197 89
196 89
196 88
196 87
196 86
195 86
195 85
194 85
193 85
193 86
193 87
193 88
192 88
192 89
192 90
192 91
192 92
192 93
192 94
192 95
192 96
192 97
192 98
192 99
192 100
193 100
193 101
194 101
194 102
194 103
193 103
193 104
193 105
192 105
192 106
192 107
192 108
192 109
193 109
194 109
194 108
195 108
195 109
195 110
195 111
195 112
195 113
195 114
196 114
196 115
196 116
196 117
195 117
194 117
194 118
194 119
195 119
195 120
196 120
196 121
196 122
196 123
196 124
196 125
196 126
196 127
196 128
197 128
197 129
197 130
197 131
198 131
199 131
200 131
200 130
201 130
202 130
202 129
203 129
204 129
205 129
205 128
206 128
206 127
206 126
205 126
204 126
203 126
202 126
201 126
200 126
199 126
199 125
199 124
199 123
200 123
200 122
201 122
202 122
203 122
204 122
204 121
204 120
204 119
203 119
203 118
203 117
203 116
204 116
204 115
204 114
204 113
204 112
204 111
203 111
203 110
203 109
202 109
202 108
203 108
203 107
203 106
203 105
203 104
202 104
201 104
200 104
199 104
199 103
198 103
198 102
198 101
199 101
199 100
200 100
200 99
201 99
201 98
201 97
202 97
203 97
203 96
203 95
203 94
204 94
205 94
206 94
206 95
207 95
208 95
209 95
210 95
210 96
210 97
211 97
211 98
211 99
211 100
212 100
212 101
212 102
212 103
212 104
213 104
214 104
214 105
214 106
214 107
215 107
216 107
216 106
217 106
218 106
219 106
219 107
220 107
220 108
220 109
221 109
222 109
222 108
222 107
222 106
221 106
221 105
220 105
220 104
219 104
219 103
218 103
217 103
217 102
217 101
216 101
216 100
215 100
215 99
214 99
214 98
214 97
214 96
215 96
215 97
216 97
216 98
217 98
217 99
218 99
218 100
219 100
219 101
220 101
221 101
221 100
221 99
221 98
220 98
220 97
219 97
219 96
218 96
218 95
218 94
217 94
216 94
215 94
215 93
214 93
214 92
214 91
214 90
214 89
213 89
212 89
211 89
211 88
211 87
211 86
211 85
211 84
211 83
212 83
212 82
213 82
213 81
213 80
213 79
213 78
213 77
214 77
215 77
216 77
217 77
218 77
218 76
219 76
220 76
221 76
221 75
221 74
220 74
220 73
220 72
220 71
220 70
220 69
221 69
221 68
221 67
221 66
220 66
219 66
218 66
218 65
218 64
217 64
217 63
217 62
218 62
218 61
218 60
218 59
217 59
217 58
216 58
216 57
216 56
215 56
215 55
215 54
215 53
216 53
217 53
218 53
219 53
219 52
220 52
220 51
221 51
221 50
221 49
222 49
222 48
222 47
223 47
223 46
224 46
225 46
226 46
227 46
227 45
228 45
229 45
229 44
230 44
230 43
231 43
231 44
232 44
232 45
233 45
233 46
234 46
234 47
235 47
235 48
235 49
235 50
236 50
237 50
238 50
239 50
239 51
239 52
240 52
240 53
240 54
240 55
241 55
241 56
241 57
241 58
241 59
240 59
240 60
240 61
239 61
238 61
238 62
238 63
238 64
239 64
240 64
240 63
241 63
242 63
242 62
243 62
244 62
244 63
244 64
245 64
245 65
245 66
246 66
246 67
247 67
247 68
247 69
247 70
247 71
248 71
248 72
248 73
248 74
249 74
249 75
250 75
250 76
250 77
249 77
248 77
247 77
247 78
246 78
246 77
245 77
244 77
243 77
243 76
242 76
241 76
240 76
239 76
238 76
237 76
237 77
236 77
236 78
236 79
237 79
238 79
239 79
240 79
241 79
242 79
243 79
244 79
244 80
244 81
245 81
245 82
246 82
246 83
247 83
248 83
249 83
250 83
251 83
252 83
253 83
253 84
253 85
252 85
252 86
252 87
252 88
253 88
253 89
254 89
255 89
256 89
256 90
257 90
258 90
258 91
258 92
258 93
259 93
259 94
259 95
260 95
260 96
260 97
260 98
260 99
260 100
260 101
259 101
258 101
257 101
256 101
256 100
255 100
255 99
255 98
254 98
253 98
253 97
252 97
252 96
251 96
250 96
250 97
249 97
249 98
249 99
248 99
248 100
247 100
246 100
246 101
245 101
244 101
244 102
244 103
245 103
245 104
246 104
247 104
247 103
248 103
248 102
249 102
249 101
250 101
251 101
252 101
252 102
253 102
254 102
255 102
255 103
255 104
255 105
255 106
255 107
255 108
255 109
255 110
255 111
256 111
256 112
256 113
256 114
256 115
255 115
254 115
254 116
254 117
254 118
254 119
253 119
253 120
253 121
253 122
252 122
251 122
251 123
250 123
249 123
248 123
248 124
247 124
246 124
245 124
245 125
245 126
245 127
246 127
247 127
247 126
248 126
249 126
250 126
251 126
251 125
252 125
253 125
254 125
254 126
254 127
253 127
253 128
253 129
252 129
252 130
251 130
251 131
250 131
249 131
249 132
249 133
249 134
250 134
250 135
250 136
249 136
248 136
248 137
247 137
246 137
245 137
245 138
244 138
244 139
243 139
242 139
241 139
241 140
241 141
242 141
243 141
243 142
244 142
244 143
245 143
245 144
245 145
244 145
244 146
244 147
245 147
246 147
247 147
248 147
248 146
248 145
249 145
249 144
249 143
249 142
249 141
249 140
250 140
250 139
250 138
251 138
252 138
252 137
252 136
253 136
253 135
254 135
254 134
254 133
255 133
255 132
256 132
256 131
256 130
257 130
257 129
258 129
258 128
258 127
258 126
258 125
259 125
259 124
259 123
260 123
260 122
261 122
262 122
262 123
262 124
262 125
262 126
262 127
262 128
262 129
262 130
261 130
261 131
260 131
260 132
260 133
259 133
259 134
259 135
258 135
258 136
258 137
258 138
258 139
258 140
258 141
258 142
258 143
258 144
259 144
259 145
259 146
259 147
259 148
259 149
259 150
259 151
258 151
257 151
256 151
256 152
256 153
256 154
256 155
257 155
257 156
258 156
258 157
258 158
258 159
258 160
258 161
258 162
258 163
259 163
259 164
260 164
260 165
260 166
260 167
260 168
260 169
260 170
259 170
259 171
259 172
259 173
259 174
259 175
259 176
259 177
258 177
258 178
258 179
258 180
258 181
258 182
258 183
257 183
257 184
257 185
256 185
256 186
256 187
256 188
256 189
255 189
255 190
255 191
255 192
255 193
254 193
254 194
254 195
253 195
253 196
253 197
253 198
252 198
251 198
251 199
251 200
250 200
249 200
248 200
248 201
248 202
248 203
248 204
248 205
247 205
247 206
247 207
247 208
247 209
247 210
247 211
247 212
247 213
246 213
246 214
245 214
245 215
245 216
246 216
246 217
247 217
247 218
248 218
248 219
249 219
249 220
249 221
249 222
250 222
250 223
250 224
250 225
250 226
250 227
250 228
249 228
248 228
248 229
248 230
248 231
249 231
249 232
249 233
249 234
249 235
249 236
249 237
249 238
249 239
248 239
248 240
247 240
247 239
246 239
245 239
245 240
245 241
244 241
243 241
242 241
241 241
241 242
241 243
240 243
240 244
239 244
238 244
238 245
237 245
236 245
235 245
235 246
234 246
234 247
233 247
233 248
233 249
232 249
231 249
231 250
230 250
230 251
229 251
229 252
228 252
228 253
227 253
227 254
226 254
226 253
225 253
225 252
224 252
223 252
222 252
222 251
221 251
221 250
221 249
221 248
221 247
220 247
220 246
220 245
220 244
220 243
220 242
219 242
219 241
218 241
218 240
218 239
218 238
218 237
218 236
219 236
219 235
219 234
220 234
221 234
222 234
223 234
223 233
223 232
223 231
222 231
221 231
220 231
219 231
218 231
217 231
216 231
216 232
215 232
215 233
214 233
214 232
213 232
212 232
212 231
212 230
212 229
213 229
213 228
214 228
214 227
215 227
215 226
215 225
214 225
213 225
213 226
212 226
212 227
211 227
211 228
210 228
209 228
208 228
207 228
206 228
206 227
206 226
205 226
205 225
204 225
203 225
202 225
202 224
201 224
200 224
200 223
199 223
199 222
198 222
198 221
197 221
196 221
195 221
195 220
194 220
194 219
194 218
194 217
194 216
195 216
195 215
195 214
196 214
197 214
197 213
197 212
197 211
198 211
199 211
199 212
200 212
201 212
202 212
202 211
203 211
203 212
204 212
205 212
206 212
206 213
207 213
207 214
208 214
209 214
210 214
211 214
212 214
212 215
213 215
213 216
214 216
215 216
216 216
216 215
216 214
215 214
214 214
214 213
213 213
213 212
212 212
212 211
211 211
211 210
211 209
212 209
212 208
213 208
213 207
213 206
213 205
213 204
213 203
214 203
214 202
214 201
215 201
216 201
216 202
217 202
217 203
217 204
218 204
218 205
218 206
218 207
219 207
220 207
221 207
221 208
222 208
223 208
224 208
225 208
226 208
226 207
226 206
225 206
225 205
224 205
223 205
223 204
223 203
223 202
223 201
222 201
221 201
220 201
219 201
219 200
218 200
218 199
217 199
216 199
216 198
216 197
216 196
215 196
214 196
214 195
214 194
214 193
214 192
213 192
212 192
212 191
211 191
210 191
210 192
209 192
209 193
208 193
207 193
206 193
206 194
205 194
205 195
205 196
205 197
204 197
204 198
204 199
203 199
203 200
203 201
202 201
201 201
200 201
199 201
199 202
198 202
197 202
196 202
195 202
195 201
194 201
194 200
193 200
192 200
192 199
192 198
192 197
192 196
192 195
192 194
192 193
192 192
192 191
193 191
193 190
194 190
194 189
194 188
195 188
195 187
195 186
196 186
197 186
198 186
199 186
200 186
200 187
201 187
201 188
201 189
201 190
201 191
202 191
203 191
203 190
203 189
204 189
204 188
204 187
205 187
206 187
206 186
206 185
205 185
205 184
205 183
204 183
204 182
204 181
203 181
203 180
202 180
201 180
201 179
201 178
201 177
201 176
200 176
200 175
199 175
199 174
200 174
201 174
201 173
201 172
202 172
202 171
202 170
203 170
203 169
204 169
204 168
204 167
205 167
205 166
206 166
207 166
207 165
208 165
209 165
210 165
211 165
211 164
211 163
210 163
210 162
210 161
209 161
209 160
209 159
209 158
209 157
209 156
208 156
208 155
208 154
207 154
207 153
206 153
206 152
206 151
207 151
207 150
208 150
208 149
208 148
208 147
207 147
207 146
208 146
208 145
208 144
208 143
208 142
208 141
208 140
209 140
209 139
210 139
210 138
210 137
209 137
208 137
207 137
207 138
206 138
206 139
206 140
205 140
205 141
204 141
204 142
204 143
203 143
202 143
202 144
201 144
200 144
200 145
199 145
199 146
198 146
197 146
196 146
195 146
194 146
194 145
193 145
193 144
192 144
192 143
192 142
192 141
192 140
192 139
191 139
190 139
189 139
189 140
189 141
189 142
190 142
190 143
190 144
190 145
190 146
189 146
189 147
188 147
187 147
186 147
185 147
184 147
183 147
182 147
181 147
181 146
180 146
180 145
180 144
180 143
179 143
178 143
178 142
177 142
177 141
177 140
177 139
176 139
176 138
176 137
176 136
176 135
-1 -1
178 242
179 242
179 241
180 241
180 240
180 239
179 239
179 238
179 237
179 236
179 235
179 234
180 234
181 234
181 235
182 235
182 236
182 237
183 237
183 238
183 239
183 240
184 240
184 241
185 241
186 241
187 241
187 242
187 243
187 244
187 245
188 245
188 246
188 247
188 248
188 249
189 249
190 249
191 249
191 250
191 251
192 251
192 252
192 253
193 253
193 254
193 255
194 255
195 255
195 254
195 253
195 252
195 251
195 250
195 249
194 249
194 248
194 247
194 246
193 246
193 245
193 244
192 244
191 244
191 243
191 242
190 242
190 241
190 240
190 239
191 239
191 238
191 237
192 237
193 237
194 237
194 238
195 238
195 239
196 239
196 240
196 241
197 241
198 241
198 242
198 243
199 243
199 244
199 245
199 246
200 246
200 247
200 248
201 248
202 248
202 247
203 247
204 247
204 248
205 248
205 249
205 250
206 250
206 251
206 252
206 253
206 254
206 255
205 255
204 255
204 256
204 257
204 258
204 259
204 260
205 260
205 261
206 261
207 261
207 260
207 259
207 258
207 257
208 257
208 256
208 255
208 254
208 253
209 253
210 253
210 254
210 255
211 255
211 256
212 256
213 256
213 257
213 258
213 259
213 260
213 261
213 262
212 262
212 263
211 263
211 264
211 265
212 265
213 265
214 265
215 265
215 266
215 267
215 268
216 268
217 268
217 267
218 267
219 267
219 268
219 269
218 269
218 270
218 271
219 271
219 272
219 273
219 274
218 274
218 275
217 275
217 276
217 277
218 277
219 277
220 277
221 277
221 278
222 278
222 279
223 279
223 280
224 280
225 280
225 281
226 281
226 282
227 282
228 282
228 281
228 280
228 279
228 278
228 277
229 277
230 277
231 277
232 277
232 276
233 276
234 276
234 275
234 274
233 274
233 273
232 273
232 272
232 271
231 271
231 270
231 269
231 268
230 268
230 267
230 266
229 266
229 265
229 264
229 263
229 262
230 262
230 261
231 261
231 260
232 260
233 260
234 260
234 259
235 259
235 258
236 258
237 258
237 259
238 259
239 259
239 258
240 258
241 258
242 258
243 258
243 259
243 260
244 260
245 260
246 260
246 259
246 258
246 257
247 257
247 256
248 256
249 256
250 256
250 255
251 255
252 255
252 254
252 253
252 252
253 252
253 251
253 250
254 250
255 250
256 250
257 250
258 250
258 251
259 251
259 252
260 252
260 253
261 253
261 254
261 255
261 256
262 256
263 256
263 255
264 255
265 255
266 255
266 254
266 253
266 252
267 252
267 251
268 251
269 251
270 251
270 250
271 250
271 249
271 248
272 248
272 247
273 247
274 247
275 247
275 246
276 246
276 245
277 245
277 244
278 244
279 244
279 243
280 243
281 243
282 243
283 243
283 244
284 244
285 244
286 244
287 244
287 245
288 245
289 245
290 245
290 244
291 244
292 244
293 244
293 245
294 245
295 245
296 245
297 245
297 246
297 247
297 248
296 248
296 249
296 250
296 251
296 252
296 253
296 254
296 255
297 255
297 256
296 256
296 257
295 257
295 258
295 259
294 259
294 260
294 261
294 262
293 262
293 263
293 264
293 265
293 266
293 267
293 268
293 269
293 270
292 270
292 271
292 272
292 273
292 274
291 274
291 275
290 275
290 276
289 276
289 277
288 277
288 278
288 279
288 280
288 281
288 282
288 283
289 283
289 284
289 285
289 286
289 287
289 288
290 288
290 289
290 290
290 291
290 292
290 293
290 294
290 295
289 295
289 296
289 297
289 298
289 299
289 300
288 300
288 301
288 302
287 302
287 303
286 303
286 304
285 304
285 305
284 305
283 305
283 306
282 306
281 306
281 307
280 307
279 307
279 308
278 308
278 309
277 309
276 309
276 310
275 310
274 310
273 310
273 311
272 311
272 312
271 312
271 313
270 313
270 314
270 315
269 315
269 316
268 316
268 317
267 317
266 317
266 318
266 319
265 319
265 320
264 320
264 321
264 322
263 322
262 322
262 323
261 323
261 324
260 324
260 325
259 325
259 326
258 326
258 327
257 327
257 328
256 328
256 329
255 329
255 330
254 330
254 331
253 331
253 332
252 332
252 333
251 333
251 334
250 334
249 334
248 334
247 334
246 334
245 334
245 335
244 335
243 335
242 335
241 335
241 334
240 334
240 333
240 332
240 331
239 331
238 331
238 330
239 330
239 329
239 328
240 328
240 327
240 326
241 326
241 325
241 324
241 323
241 322
241 321
242 321
242 320
242 319
242 318
242 317
242 316
243 316
243 315
243 314
243 313
243 312
243 311
242 311
241 311
241 312
241 313
241 314
240 314
240 315
239 315
239 314
239 313
239 312
239 311
239 310
239 309
239 308
240 308
240 307
240 306
240 305
241 305
241 304
241 303
241 302
242 302
243 302
244 302
245 302
246 302
246 301
246 300
246 299
245 299
244 299
244 298
244 297
243 297
242 297
242 298
242 299
241 299
241 300
240 300
240 301
239 301
238 301
238 302
238 303
238 304
237 304
237 305
237 306
236 306
235 306
235 305
235 304
234 304
234 303
234 302
234 301
234 300
234 299
233 299
233 298
232 298
232 297
231 297
230 297
230 298
229 298
229 299
229 300
230 300
230 301
231 301
231 302
231 303
232 303
232 304
232 305
232 306
232 307
232 308
232 309
232 310
232 311
231 311
231 312
231 313
232 313
232 314
232 315
232 316
232 317
231 317
231 318
230 318
230 319
230 320
229 320
229 321
228 321
228 322
228 323
227 323
227 324
226 324
226 325
225 325
225 326
225 327
224 327
224 328
223 328
223 329
222 329
221 329
221 328
221 327
222 327
222 326
223 326
223 325
223 324
223 323
224 323
224 322
224 321
225 321
225 320
225 319
225 318
224 318
223 318
222 318
222 319
222 320
222 321
221 321
221 322
221 323
220 323
220 324
220 325
220 326
219 326
219 327
218 327
217 327
216 327
215 327
215 326
214 326
214 325
213 325
212 325
211 325
210 325
209 325
209 324
208 324
208 323
208 322
208 321
207 321
207 320
207 319
207 318
206 318
206 317
206 316
206 315
205 315
205 314
204 314
204 313
204 312
203 312
203 311
203 310
203 309
203 308
203 307
203 306
203 305
203 304
204 304
204 303
204 302
205 302
205 301
205 300
205 299
205 298
205 297
205 296
205 295
204 295
203 295
202 295
201 295
200 295
199 295
199 294
199 293
199 292
200 292
201 292
202 292
203 292
203 291
203 290
203 289
204 289
204 288
204 287
204 286
204 285
204 284
204 283
204 282
204 281
205 281
206 281
207 281
207 280
207 279
207 278
207 277
207 276
207 275
207 274
207 273
207 272
206 272
206 271
206 270
205 270
204 270
204 271
203 271
203 272
203 273
202 273
201 273
200 273
200 274
200 275
200 276
201 276
201 277
201 278
201 279
200 279
199 279
199 278
199 277
198 277
197 277
197 278
197 279
196 279
196 278
195 278
195 277
195 276
195 275
194 275
194 274
194 273
193 273
192 273
191 273
190 273
189 273
189 272
189 271
189 270
188 270
188 269
187 269
187 268
186 268
186 267
186 266
187 266
188 266
188 265
188 264
187 264
186 264
185 264
185 263
185 262
185 261
184 261
184 260
184 259
184 258
184 257
183 257
183 256
183 255
182 255
182 254
181 254
181 253
182 253
183 253
183 252
183 251
182 251
181 251
180 251
179 251
179 250
179 249
179 248
180 248
180 247
180 246
179 246
179 245
178 245
178 244
178 243
178 242
-1 -1
184 211
185 211
186 211
187 211
187 212
188 212
188 213
189 213
190 213
190 214
190 215
190 216
191 216
191 217
191 218
191 219
191 220
190 220
189 220
188 220
187 220
186 220
185 220
185 219
185 218
184 218
184 217
184 216
184 215
184 214
184 213
184 212
184 211
-1 -1
185 516
186 516
186 515
186 514
187 514
188 514
189 514
189 515
189 516
190 516
190 517
189 517
189 518
188 518
188 519
187 519
186 519
185 519
185 518
185 517
185 516
-1 -1
193 150
194 150
195 150
196 150
197 150
198 150
199 150
199 151
200 151
200 152
200 153
200 154
199 154
198 154
198 155
197 155
196 155
196 154
195 154
194 154
194 153
193 153
193 152
193 151
193 150
-1 -1
197 512
198 512
198 511
198 510
199 510
200 510
201 510
202 510
203 510
203 511
204 511
204 512
204 513
205 513
205 514
205 515
204 515
203 515
202 515
201 515
200 515
199 515
198 515
197 515
197 514
197 513
197 512
-1 -1
208 347
209 347
210 347
210 346
211 346
212 346
213 346
213 345
214 345
215 345
216 345
216 346
217 346
218 346
219 346
220 346
221 346
222 346
222 347
223 347
224 347
225 347
225 348
225 349
225 350
225 351
226 351
227 351
227 350
227 349
228 349
229 349
230 349
231 349
232 349
232 350
233 350
233 351
233 352
234 352
235 352
236 352
236 351
237 351
238 351
239 351
240 351
241 351
241 352
242 352
243 352
243 353
243 354
244 354
244 355
244 356
245 356
246 356
246 355
247 355
248 355
248 356
249 356
249 357
249 358
249 359
249 360
249 361
249 362
249 363
249 364
249 365
249 366
250 366
251 366
251 365
251 364
251 363
251 362
252 362
252 363
253 363
254 363
254 362
254 361
254 360
255 360
256 360
256 359
256 358
256 357
257 357
257 356
258 356
258 357
259 357
259 358
260 358
261 358
262 358
263 358
264 358
265 358
265 359
266 359
266 360
266 361
267 361
267 362
267 363
267 364
267 365
267 366
267 367
268 367
268 368
267 368
266 368
266 369
265 369
265 370
265 371
264 371
264 372
264 373
263 373
263 374
262 374
262 375
261 375
261 376
262 376
262 377
263 377
264 377
264 376
265 376
265 375
266 375
266 374
266 373
267 373
268 373
268 372
268 371
269 371
270 371
270 370
271 370
271 369
271 368
272 368
272 369
272 370
272 371
272 372
272 373
272 374
272 375
272 376
272 377
272 378
272 379
272 380
272 381
272 382
273 382
273 383
274 383
274 384
275 384
275 385
275 386
275 387
275 388
275 389
274 389
274 390
274 391
274 392
273 392
273 393
272 393
271 393
271 394
271 395
272 395
273 395
273 396
273 397
273 398
273 399
272 399
272 400
272 401
272 402
272 403
272 404
272 405
272 406
272 407
273 407
274 407
274 406
275 406
276 406
276 407
276 408
276 409
276 410
276 411
276 412
276 413
276 414
276 415
276 416
276 417
276 418
276 419
276 420
276 421
276 422
277 422
278 422
278 421
279 421
279 422
279 423
279 424
279 425
279 426
278 426
277 426
277 427
277 428
277 429
278 429
279 429
279 430
279 431
279 432
279 433
279 434
280 434
281 434
281 433
281 432
281 431
281 430
281 429
281 428
281 427
281 426
281 425
281 424
281 423
281 422
281 421
281 420
280 420
280 419
280 418
280 417
279 417
279 416
279 415
279 414
279 413
279 412
280 412
280 411
280 410
280 409
280 408
280 407
280 406
280 405
280 404
279 404
279 403
279 402
279 401
279 400
278 400
278 399
277 399
277 398
277 397
278 397
278 396
278 395
278 394
278 393
278 392
278 391
278 390
279 390
279 389
279 388
279 387
279 386
279 385
279 384
279 383
279 382
279 381
278 381
278 380
278 379
279 379
279 378
280 378
281 378
281 379
281 380
281 381
282 381
282 382
282 383
283 383
283 384
283 385
282 385
282 386
282 387
282 388
282 389
282 390
282 391
282 392
282 393
282 394
283 394
283 395
284 395
285 395
285 396
285 397
285 398
285 399
285 400
285 401
286 401
286 402
287 402
287 403
287 404
287 405
287 406
287 407
287 408
287 409
287 410
287 411
287 412
287 413
287 414
287 415
288 415
288 416
288 417
288 418
288 419
287 419
287 420
287 421
287 422
287 423
287 424
287 425
287 426
287 427
288 427
288 428
288 429
288 430
288 431
288 432
288 433
288 434
288 435
288 436
287 436
287 437
287 438
287 439
288 439
288 440
288 441
288 442
289 442
290 442
291 442
291 443
291 444
291 445
291 446
291 447
290 447
289 447
288 447
288 448
287 448
286 448
285 448
285 449
284 449
283 449
282 449
282 450
281 450
281 451
281 452
280 452
280 453
280 454
279 454
279 455
278 455
277 455
277 456
276 456
276 457
275 457
275 458
274 458
274 459
274 460
273 460
273 459
272 459
271 459
270 459
269 459
268 459
267 459
267 460
266 460
266 461
266 462
266 463
266 464
266 465
267 465
267 466
268 466
268 467
268 468
267 468
267 469
267 470
268 470
268 471
268 472
268 473
268 474
267 474
267 475
267 476
267 477
267 478
268 478
268 479
268 480
268 481
268 482
267 482
267 483
267 484
267 485
267 486
267 487
266 487
266 488
266 489
266 490
266 491
266 492
265 492
264 492
264 491
264 490
263 490
263 489
262 489
262 488
262 487
261 487
261 486
261 485
261 484
260 484
260 483
260 482
259 482
259 481
259 480
259 479
258 479
258 478
258 477
258 476
258 475
258 474
257 474
257 473
257 472
257 471
257 470
256 470
256 469
256 468
257 468
257 467
257 466
257 465
257 464
257 463
257 462
257 461
257 460
257 459
257 458
257 457
257 456
256 456
256 455
255 455
255 454
254 454
253 454
253 453
253 452
253 451
252 451
252 450
252 449
252 448
252 447
252 446
252 445
251 445
251 444
251 443
251 442
250 442
250 441
250 440
250 439
249 439
249 438
249 437
248 437
248 436
248 435
248 434
248 433
248 432
247 432
247 431
247 430
247 429
246 429
246 428
246 427
245 427
245 426
244 426
244 425
244 424
243 424
243 423
242 423
242 422
241 422
241 421
240 421
240 420
240 419
239 419
239 418
239 417
239 416
239 415
239 414
238 414
238 413
238 412
238 411
238 410
237 410
237 409
237 408
237 407
236 407
236 406
236 405
237 405
237 404
237 403
237 402
237 401
237 400
237 399
237 398
236 398
236 397
236 396
236 395
236 394
236 393
237 393
238 393
238 392
238 391
237 391
236 391
235 391
235 390
235 389
235 388
235 387
235 386
235 385
235 384
235 383
235 382
235 381
235 380
235 379
235 378
234 378
233 378
233 379
233 380
233 381
233 382
233 383
232 383
231 383
230 383
230 382
230 381
229 381
229 380
228 380
228 379
228 378
227 378
227 377
227 376
228 376
229 376
229 375
230 375
230 374
230 373
229 373
228 373
227 373
227 374
226 374
225 374
225 373
224 373
224 372
223 372
222 372
221 372
221 371
221 370
221 369
221 368
220 368
219 368
219 369
219 370
218 370
218 369
217 369
217 368
216 368
216 367
216 366
216 365
215 365
215 364
215 363
215 362
216 362
216 361
216 360
215 360
214 360
213 360
213 359
213 358
212 358
212 357
211 357
211 356
211 355
211 354
210 354
210 353
210 352
210 351
210 350
209 350
209 349
208 349
208 348
208 347
-1 -1
215 539
216 539
216 540
217 540
217 541
218 541
218 542
218 543
218 544
218 545
217 545
216 545
215 545
215 544
215 543
215 542
215 541
215 540
215 539
-1 -1
223 508
224 508
224 507
224 506
224 505
225 505
225 504
226 504
226 503
227 503
228 503
228 502
229 502
229 501
230 501
231 501
232 501
232 502
232 503
232 504
231 504
231 505
231 506
231 507
230 507
230 508
230 509
229 509
229 510
228 510
227 510
226 510
225 510
225 511
224 511
223 511
223 510
223 509
223 508
-1 -1
253 220
254 220
254 219
255 219
256 219
257 219
257 220
257 221
257 222
257 223
256 223
256 224
255 224
254 224
253 224
253 223
253 222
253 221
253 220
-1 -1
255 234
256 234
256 233
256 232
257 232
257 231
258 231
258 230
258 229
259 229
259 228
259 227
259 226
259 225
259 224
260 224
260 223
260 222
260 221
260 220
261 220
261 219
262 219
263 219
264 219
265 219
266 219
267 219
268 219
269 219
269 218
270 218
271 218
272 218
273 218
274 218
275 218
275 219
276 219
276 220
276 221
276 222
277 222
277 223
277 224
277 225
277 226
278 226
278 227
279 227
280 227
280 228
281 228
282 228
282 229
283 229
283 230
283 231
283 232
283 233
283 234
283 235
282 235
282 236
281 236
281 237
281 238
280 238
280 239
279 239
278 239
277 239
276 239
275 239
274 239
274 240
273 240
273 241
272 241
272 242
271 242
271 243
270 243
270 244
269 244
268 244
267 244
267 243
266 243
265 243
264 243
263 243
262 243
262 242
261 242
261 241
260 241
260 240
259 240
259 239
258 239
257 239
257 238
256 238
256 237
255 237
255 236
255 235
255 234
-1 -1
263 195
264 195
265 195
265 196
266 196
267 196
268 196
269 196
269 195
269 194
270 194
271 194
272 194
272 193
272 192
273 192
273 191
273 190
272 190
272 189
272 188
272 187
272 186
273 186
273 185
273 184
272 184
272 183
271 183
271 182
270 182
270 181
270 180
270 179
271 179
271 178
272 178
272 177
272 176
273 176
273 175
273 174
272 174
271 174
270 174
270 173
269 173
269 172
269 171
269 170
269 169
269 168
270 168
271 168
272 168
272 169
272 170
273 170
273 171
273 172
274 172
275 172
276 172
277 172
278 172
279 172
279 171
280 171
281 171
281 172
282 172
283 172
283 171
283 170
284 170
285 170
286 170
287 170
287 171
288 171
288 172
288 173
288 174
288 175
288 176
288 177
289 177
289 178
289 179
289 180
289 181
289 182
289 183
289 184
289 185
290 185
291 185
291 184
292 184
293 184
294 184
295 184
296 184
296 185
296 186
296 187
296 188
296 189
296 190
295 190
295 191
295 192
295 193
295 194
294 194
294 195
294 196
293 196
293 197
292 197
292 198
291 198
291 199
291 200
290 200
289 200
289 201
289 202
288 202
288 203
288 204
288 205
287 205
287 206
287 207
288 207
288 208
289 208
289 209
289 210
289 211
290 211
290 212
291 212
291 213
291 214
291 215
291 216
291 217
291 218
291 219
291 220
290 220
289 220
289 219
288 219
287 219
287 220
286 220
285 220
284 220
283 220
283 219
282 219
281 219
281 218
280 218
280 217
279 217
279 216
278 216
278 215
277 215
277 214
276 214
276 213
275 213
274 213
274 214
273 214
272 214
272 215
271 215
270 215
269 215
269 214
268 214
268 213
269 213
269 212
268 212
268 211
267 211
267 210
266 210
265 210
265 209
265 208
265 207
264 207
264 206
264 205
264 204
263 204
263 203
263 202
263 201
263 200
263 199
263 198
263 197
263 196
263 195
-1 -1
267 499
268 499
268 498
269 498
269 497
270 497
270 496
270 495
270 494
270 493
269 493
269 492
269 491
269 490
269 489
269 488
269 487
269 486
269 485
270 485
270 484
271 484
271 485
271 486
271 487
271 488
271 489
272 489
272 490
272 491
272 492
272 493
272 494
272 495
272 496
272 497
272 498
272 499
271 499
270 499
269 499
269 500
269 501
269 502
268 502
268 503
268 504
268 505
267 505
267 504
267 503
267 502
267 501
267 500
267 499
-1 -1
268 64
269 64
269 63
269 62
269 61
270 61
270 62
271 62
272 62
272 63
273 63
274 63
275 63
276 63
276 62
276 61
276 60
277 60
277 59
278 59
279 59
279 58
280 58
281 58
281 57
282 57
283 57
284 57
284 58
285 58
286 58
286 59
287 59
287 60
287 61
287 62
288 62
288 63
288 64
288 65
289 65
289 66
290 66
290 67
290 68
291 68
291 69
291 70
291 71
291 72
291 73
291 74
291 75
292 75
292 76
292 77
292 78
291 78
290 78
290 79
289 79
289 80
289 81
289 82
289 83
289 84
288 84
288 85
287 85
287 86
287 87
287 88
286 88
286 89
285 89
284 89
284 88
283 88
283 87
282 87
282 86
281 86
281 85
281 84
280 84
280 83
280 82
280 81
280 80
279 80
279 79
278 79
278 78
279 78
279 77
279 76
280 76
280 75
280 74
280 73
279 73
278 73
278 74
277 74
276 74
275 74
275 73
274 73
274 72
274 71
274 70
273 70
273 69
272 69
272 68
271 68
271 67
270 67
269 67
269 66
268 66
268 65
268 64
-1 -1
273 49
274 49
274 48
274 47
275 47
275 46
275 45
276 45
276 44
276 43
276 42
276 41
277 41
277 40
278 40
279 40
280 40
280 41
281 41
282 41
283 41
283 40
283 39
284 39
285 39
286 39
286 40
287 40
288 40
288 41
289 41
289 42
289 43
289 44
288 44
288 45
288 46
288 47
288 48
289 48
289 49
289 50
290 50
290 51
290 52
289 52
288 52
287 52
287 51
286 51
285 51
284 51
284 52
284 53
283 53
282 53
281 53
280 53
279 53
278 53
278 54
277 54
276 54
275 54
274 54
274 53
273 53
273 52
273 51
273 50
273 49
-1 -1
278 5
279 5
280 5
281 5
281 6
282 6
282 7
283 7
283 8
283 9
282 9
282 10
281 10
280 10
280 9
280 8
279 8
279 7
278 7
278 6
278 5
-1 -1
284 223
285 223
285 222
286 222
287 222
287 221
288 221
288 222
289 222
290 222
291 222
292 222
293 222
294 222
294 223
295 223
295 224
295 225
295 226
294 226
294 227
293 227
293 228
293 229
293 230
292 230
291 230
290 230
290 229
289 229
288 229
287 229
287 228
286 228
286 227
285 227
285 226
285 225
284 225
284 224
284 223
-1 -1
285 235
286 235
286 234
286 233
287 233
288 233
288 234
289 234
289 235
289 236
288 236
288 237
288 238
287 238
287 239
286 239
285 239
285 238
285 237
285 236
285 235
-1 -1
294 55
295 55
296 55
296 56
296 57
297 57
297 58
298 58
298 59
299 59
299 60
299 61
298 61
298 62
297 62
297 61
296 61
295 61
295 60
294 60
294 59
294 58
294 57
294 56
294 55
-3 -3
142 625
142 624
142 623
141 623
141 622
141 621
141 620
140 620
140 619
139 619
138 619
138 618
138 617
137 617
137 616
137 615
138 615
138 614
138 613
138 612
138 611
139 611
139 610
139 609
139 608
140 608
140 607
140 606
140 605
141 605
141 604
141 603
141 602
141 601
142 601
142 600
142 599
142 598
142 597
142 596
142 595
142 594
141 594
141 593
141 592
141 591
141 590
141 589
142 589
142 588
143 588
143 587
143 586
144 586
144 585
144 584
144 583
145 583
145 582
145 581
146 581
146 580
146 579
146 578
147 578
147 577
147 576
147 575
147 574
148 574
148 573
148 572
148 571
149 571
149 570
149 569
150 569
150 568
150 567
150 566
151 566
151 565
151 564
152 564
152 563
152 562
153 562
153 561
153 560
154 560
154 559
154 558
155 558
155 557
155 556
155 555
155 554
155 553
155 552
155 551
156 551
157 551
157 552
158 552
159 552
160 552
161 552
161 551
162 551
162 550
163 550
163 549
164 549
164 548
164 547
164 546
164 545
164 544
163 544
163 543
163 542
164 542
165 542
166 542
166 541
166 540
165 540
165 539
164 539
164 538
164 537
165 537
165 536
166 536
166 535
166 534
166 533
167 533
168 533
169 533
169 532
169 531
168 531
168 530
167 530
167 529
167 528
166 528
166 527
166 526
166 525
166 524
166 523
167 523
168 523
168 522
169 522
169 521
170 521
171 521
172 521
173 521
173 522
173 523
174 523
175 523
175 524
176 524
176 525
176 526
176 527
176 528
176 529
176 530
176 531
176 532
176 533
176 534
177 534
178 534
179 534
179 533
179 532
180 532
180 531
181 531
181 530
181 529
181 528
181 527
181 526
182 526
183 526
183 525
184 525
185 525
186 525
186 524
186 523
187 523
188 523
189 523
189 524
190 524
190 525
190 526
191 526
191 527
191 528
192 528
193 528
194 528
195 528
195 527
195 526
194 526
194 525
193 525
193 524
192 524
192 523
192 522
193 522
193 521
194 521
195 521
195 520
196 520
197 520
197 521
198 521
199 521
199 520
200 520
201 520
202 520
202 519
203 519
204 519
205 519
205 520
206 520
207 520
208 520
209 520
209 521
209 522
209 523
209 524
210 524
210 525
210 526
211 526
211 527
211 528
211 529
212 529
212 530
212 531
212 532
212 533
212 534
213 534
213 535
213 536
213 537
212 537
211 537
210 537
210 538
210 539
211 539
211 540
212 540
212 539
213 539
213 540
213 541
213 542
213 543
212 543
212 544
212 545
213 545
213 546
213 547
213 548
213 549
213 550
213 551
212 551
212 552
212 553
212 554
212 555
212 556
211 556
210 556
210 555
209 555
208 555
207 555
206 555
205 555
204 555
203 555
202 555
202 556
202 557
203 557
204 557
205 557
206 557
207 557
208 557
208 558
209 558
210 558
210 559
210 560
210 561
210 562
210 563
210 564
210 565
209 565
209 566
209 567
208 567
208 568
207 568
207 569
207 570
206 570
205 570
204 570
204 571
204 572
204 573
205 573
206 573
207 573
207 572
208 572
208 573
209 573
209 574
209 575
209 576
209 577
208 577
208 578
208 579
208 580
208 581
207 581
207 582
206 582
205 582
204 582
204 583
204 584
204 585
204 586
203 586
203 587
202 587
202 588
202 589
201 589
200 589
200 590
199 590
198 590
197 590
197 591
197 592
197 593
196 593
196 594
195 594
195 595
194 595
194 596
193 596
192 596
192 597
192 598
191 598
191 599
191 600
192 600
193 600
193 599
194 599
194 598
195 598
195 599
196 599
196 600
197 600
197 601
197 602
197 603
197 604
197 605
196 605
196 606
196 607
196 608
196 609
196 610
196 611
195 611
195 612
195 613
195 614
195 615
196 615
197 615
198 615
198 614
198 613
198 612
198 611
198 610
198 609
198 608
198 607
199 607
199 606
199 605
199 604
200 604
200 603
200 602
200 601
200 600
200 599
199 599
199 598
199 597
199 596
199 595
199 594
200 594
200 593
201 593
201 594
201 595
201 596
202 596
203 596
203 595
204 595
204 594
204 593
205 593
205 592
205 591
206 591
206 590
206 589
206 588
207 588
207 587
208 587
209 587
209 588
209 589
209 590
210 590
211 590
211 589
211 588
211 587
212 587
212 588
213 588
213 589
213 590
214 590
214 591
215 591
216 591
216 590
216 589
215 589
215 588
215 587
214 587
214 586
214 585
214 584
214 583
213 583
213 582
212 582
212 581
212 580
212 579
212 578
212 577
212 576
213 576
213 575
214 575
214 574
215 574
215 573
215 572
215 571
216 571
216 570
216 569
216 568
216 567
217 567
217 566
218 566
218 565
218 564
219 564
219 563
219 562
220 562
220 561
221 561
222 561
223 561
224 561
224 562
225 562
226 562
226 563
226 564
227 564
227 565
228 565
229 565
229 566
230 566
230 567
231 567
231 568
232 568
232 569
232 570
232 571
233 571
233 572
233 573
233 574
234 574
235 574
235 575
235 576
235 577
234 577
234 578
235 578
235 579
235 580
236 580
236 581
237 581
237 582
237 583
237 584
238 584
238 585
238 586
238 587
239 587
240 587
240 586
240 585
240 584
240 583
240 582
239 582
239 581
239 580
238 580
238 579
238 578
238 577
238 576
238 575
238 574
238 573
238 572
237 572
237 571
236 571
236 570
235 570
235 569
235 568
235 567
234 567
234 566
234 565
233 565
232 565
231 565
231 564
230 564
230 563
230 562
230 561
230 560
230 559
230 558
230 557
230 556
230 555
230 554
231 554
231 553
231 552
230 552
230 551
229 551
229 550
229 549
230 549
230 548
230 547
229 547
229 546
229 545
229 544
229 543
229 542
228 542
228 541
228 540
228 539
228 538
229 538
229 537
229 536
228 536
227 536
227 535
226 535
226 534
226 533
226 532
227 532
227 531
227 530
226 530
226 529
226 528
225 528
225 527
225 526
224 526
223 526
223 525
223 524
222 524
222 523
221 523
220 523
219 523
219 522
219 521
218 521
218 520
217 520
217 519
216 519
216 518
215 518
215 517
215 516
216 516
217 516
218 516
219 516
219 515
220 515
221 515
222 515
223 515
223 514
224 514
225 514
225 513
226 513
226 512
227 512
228 512
229 512
230 512
231 512
231 513
232 513
233 513
233 512
233 511
233 510
234 510
234 509
235 509
235 508
235 507
235 506
235 505
236 505
236 504
237 504
238 504
238 505
239 505
239 506
240 506
240 505
240 504
240 503
240 502
239 502
239 501
239 500
239 499
238 499
238 498
238 497
238 496
238 495
238 494
238 493
238 492
238 491
238 490
238 489
238 488
238 487
238 486
238 485
239 485
239 484
240 484
240 483
241 483
242 483
242 482
242 481
243 481
243 480
243 479
243 478
244 478
245 478
246 478
247 478
247 479
248 479
249 479
249 480
249 481
250 481
250 482
250 483
251 483
251 484
252 484
253 484
253 483
254 483
254 484
255 484
255 485
256 485
256 486
256 487
256 488
257 488
257 489
257 490
257 491
257 492
257 493
258 493
258 494
259 494
259 495
259 496
259 497
259 498
260 498
260 499
260 500
260 501
260 502
260 503
260 504
260 505
261 505
261 506
262 506
262 507
262 508
262 509
262 510
262 511
262 512
263 512
263 513
263 514
263 515
262 515
262 516
262 517
262 518
262 519
262 520
263 520
264 520
264 519
265 519
266 519
266 518
266 517
265 517
265 516
265 515
265 514
266 514
266 515
267 515
267 516
267 517
268 517
268 518
268 519
268 520
268 521
268 522
268 523
268 524
268 525
269 525
269 526
269 527
269 528
269 529
268 529
268 530
268 531
269 531
269 532
269 533
270 533
270 534
270 535
270 536
271 536
271 537
271 538
271 539
271 540
271 541
271 542
271 543
271 544
271 545
271 546
272 546
272 547
272 548
272 549
272 550
273 550
274 550
275 550
275 551
276 551
276 552
276 553
277 553
277 554
278 554
278 555
278 556
279 556
279 557
279 558
279 559
279 560
279 561
279 562
278 562
278 561
277 561
277 560
277 559
277 558
276 558
276 557
276 556
275 556
275 555
275 554
275 553
274 553
273 553
273 554
273 555
273 556
273 557
274 557
274 558
274 559
274 560
275 560
275 561
275 562
276 562
276 563
277 563
278 563
278 564
278 565
277 565
277 566
278 566
278 567
279 567
279 568
280 568
280 569
281 569
281 570
281 571
281 572
281 573
280 573
280 574
280 575
280 576
280 577
280 578
280 579
280 580
281 580
281 581
281 582
281 583
281 584
281 585
281 586
280 586
280 587
280 588
280 589
281 589
282 589
282 588
283 588
283 587
283 586
284 586
284 585
284 584
284 583
284 582
284 581
285 581
285 580
285 579
284 579
284 578
284 577
284 576
284 575
284 574
283 574
283 573
283 572
283 571
284 571
284 570
284 569
284 568
284 567
285 567
285 568
286 568
286 569
286 570
286 571
286 572
286 573
286 574
287 574
287 575
287 576
287 577
288 577
288 578
288 579
288 580
288 581
288 582
288 583
287 583
287 584
287 585
287 586
287 587
288 587
288 588
288 589
288 590
288 591
288 592
289 592
290 592
290 591
290 590
291 590
292 590
292 589
292 588
291 588
291 587
291 586
291 585
291 584
291 583
291 582
291 581
291 580
291 579
291 578
291 577
291 576
291 575
290 575
290 574
290 573
290 572
290 571
290 570
290 569
290 568
290 567
289 567
289 566
289 565
289 564
289 563
288 563
288 562
288 561
287 561
287 560
287 559
286 559
286 558
286 557
286 556
286 555
285 555
285 554
285 553
284 553
284 552
284 551
283 551
283 550
283 549
282 549
282 548
282 547
282 546
282 545
282 544
281 544
281 543
281 542
280 542
280 541
279 541
279 540
279 539
279 538
279 537
279 536
279 535
279 534
279 533
279 532
279 531
279 530
279 529
279 528
279 527
279 526
280 526
280 527
281 527
281 528
281 529
282 529
283 529
283 530
284 530
284 531
285 531
286 531
286 530
286 529
286 528
286 527
286 526
285 526
285 525
284 525
284 524
284 523
283 523
283 522
282 522
282 521
282 520
282 519
281 519
281 518
280 518
279 518
279 519
278 519
278 518
277 518
277 517
277 516
277 515
277 514
277 513
277 512
277 511
277 510
277 509
277 508
277 507
277 506
277 505
277 504
277 503
277 502
277 501
278 501
278 500
278 499
277 499
277 498
277 497
278 497
278 496
278 495
277 495
277 494
277 493
277 492
276 492
276 491
276 490
276 489
276 488
275 488
275 487
275 486
274 486
273 486
273 485
273 484
274 484
274 483
274 482
275 482
276 482
276 481
277 481
278 481
279 481
279 480
279 479
278 479
278 478
277 478
277 477
277 476
277 475
276 475
275 475
274 475
274 474
273 474
273 473
273 472
273 471
273 470
273 469
273 468
273 467
273 466
274 466
274 465
274 464
275 464
275 463
276 463
276 462
277 462
277 461
278 461
279 461
280 461
280 460
281 460
281 459
282 459
282 458
283 458
283 457
284 457
284 456
284 455
285 455
285 454
286 454
286 453
287 453
287 452
288 452
288 451
289 451
290 451
290 452
291 452
292 452
292 451
293 451
294 451
294 450
295 450
295 449
296 449
296 450
297 450
297 451
298 451
299 451
300 451
300 452
300 453
300 454
300 455
300 456
300 457
300 458
301 458
302 458
302 459
303 459
304 459
305 459
306 459
307 459
307 460
308 460
308 461
308 462
309 462
309 463
309 464
310 464
311 464
312 464
312 463
312 462
312 461
311 461
311 460
311 459
310 459
310 458
310 457
310 456
310 455
309 455
308 455
308 454
307 454
306 454
305 454
305 455
304 455
303 455
303 454
303 453
303 452
303 451
302 451
302 450
302 449
301 449
300 449
299 449
299 448
299 447
298 447
298 446
297 446
297 445
297 444
297 443
296 443
296 442
296 441
296 440
295 440
295 439
295 438
294 438
294 437
294 436
294 435
293 435
293 434
293 433
293 432
294 432
294 431
294 430
294 429
294 428
294 427
295 427
295 426
295 425
295 424
295 423
295 422
295 421
296 421
296 420
297 420
298 420
299 420
300 420
300 419
300 418
300 417
299 417
298 417
297 417
297 416
297 415
297 414
297 413
297 412
297 411
297 410
297 409
297 408
297 407
297 406
297 405
297 404
297 403
297 402
296 402
296 401
296 400
296 399
296 398
296 397
297 397
297 396
298 396
298 395
299 395
299 394
300 394
301 394
301 395
301 396
302 396
302 397
302 398
303 398
303 399
303 400
303 401
304 401
305 401
305 400
306 400
306 399
306 398
305 398
305 397
305 396
305 395
305 394
305 393
305 392
304 392
304 391
303 391
302 391
302 390
303 390
304 390
304 389
304 388
305 388
305 387
305 386
305 385
305 384
306 384
306 383
307 383
307 382
308 382
308 381
308 380
308 379
308 378
308 377
308 376
309 376
309 375
309 374
310 374
310 373
311 373
311 372
312 372
312 371
312 370
313 370
313 369
313 368
313 367
313 366
314 366
314 365
315 365
315 364
315 363
315 362
314 362
313 362
313 363
313 364
312 364
312 365
312 366
311 366
311 367
310 367
310 368
310 369
309 369
309 370
309 371
308 371
308 372
308 373
307 373
307 374
307 375
306 375
306 376
305 376
305 377
304 377
304 378
304 379
303 379
302 379
302 380
301 380
301 381
301 382
300 382
300 383
300 384
300 385
300 386
299 386
298 386
298 387
297 387
296 387
296 388
295 388
295 387
295 386
294 386
294 385
293 385
293 384
293 383
292 383
291 383
291 382
290 382
290 381
290 380
290 379
289 379
289 378
289 377
290 377
290 376
290 375
290 374
290 373
290 372
291 372
291 371
291 370
292 370
293 370
294 370
295 370
296 370
296 369
296 368
296 367
295 367
294 367
293 367
293 366
293 365
292 365
292 364
291 364
291 363
291 362
290 362
290 361
289 361
289 360
289 359
289 358
289 357
289 356
290 356
290 355
291 355
292 355
292 354
293 354
293 353
293 352
292 352
291 352
291 351
290 351
289 351
288 351
288 350
287 350
287 349
287 348
287 347
287 346
288 346
288 345
288 344
289 344
289 343
290 343
290 342
291 342
292 342
292 341
293 341
293 340
294 340
295 340
295 339
296 339
296 338
296 337
296 336
296 335
295 335
294 335
293 335
293 336
292 336
292 337
291 337
291 338
290 338
289 338
288 338
287 338
287 339
286 339
285 339
285 340
284 340
284 341
283 341
283 342
282 342
281 342
281 341
280 341
279 341
279 340
278 340
278 339
278 338
278 337
278 336
278 335
277 335
277 334
276 334
276 333
275 333
274 333
274 334
273 334
272 334
272 333
272 332
273 332
274 332
274 331
274 330
275 330
275 329
275 328
276 328
276 327
276 326
277 326
277 325
277 324
278 324
278 323
279 323
279 322
280 322
280 321
280 320
281 320
281 319
282 319
282 318
283 318
284 318
285 318
285 319
286 319
287 319
288 319
288 318
289 318
290 318
291 318
291 317
291 316
291 315
290 315
290 314
289 314
288 314
288 313
288 312
289 312
290 312
290 311
291 311
291 310
292 310
292 309
293 309
293 308
293 307
294 307
294 306
294 305
295 305
295 304
295 303
294 303
294 302
294 301
295 301
295 302
296 302
296 303
297 303
298 303
298 302
299 302
299 301
299 300
299 299
300 299
301 299
302 299
302 300
303 300
303 301
303 302
304 302
305 302
305 301
305 300
305 299
304 299
304 298
304 297
304 296
304 295
304 294
304 293
303 293
303 292
303 291
302 291
301 291
301 292
301 293
301 294
301 295
300 295
300 296
299 296
298 296
297 296
297 297
296 297
295 297
295 296
295 295
295 294
296 294
296 293
296 292
296 291
296 290
296 289
295 289
295 288
296 288
296 287
296 286
296 285
297 285
297 284
297 283
297 282
297 281
297 280
296 280
296 279
296 278
296 277
297 277
297 276
297 275
298 275
298 274
298 273
299 273
299 272
299 271
299 270
300 270
300 269
301 269
301 268
301 267
302 267
302 266
302 265
303 265
303 264
303 263
304 263
304 262
305 262
305 261
305 260
304 260
304 259
303 259
302 259
302 258
302 257
302 256
302 255
301 255
301 254
301 253
300 253
299 253
299 252
298 252
298 251
298 250
298 249
299 249
299 248
300 248
300 247
300 246
301 246
301 245
302 245
303 245
303 244
304 244
305 244
306 244
306 245
307 245
308 245
309 245
310 245
311 245
311 244
311 243
311 242
310 242
309 242
308 242
307 242
306 242
306 241
306 240
305 240
305 239
305 238
305 237
304 237
304 236
304 235
304 234
304 233
304 232
305 232
305 231
305 230
305 229
305 228
306 228
307 228
307 227
307 226
307 225
308 225
308 224
308 223
308 222
307 222
307 221
307 220
307 219
307 218
307 217
307 216
306 216
305 216
304 216
304 217
304 218
304 219
304 220
305 220
305 221
305 222
305 223
305 224
305 225
305 226
304 226
304 227
303 227
303 228
302 228
302 229
302 230
301 230
301 231
300 231
299 231
299 230
299 229
299 228
298 228
298 227
298 226
298 225
298 224
298 223
298 222
298 221
297 221
296 221
296 220
295 220
295 219
295 218
295 217
295 216
295 215
294 215
294 214
294 213
293 213
293 212
292 212
292 211
292 210
291 210
291 209
291 208
291 207
291 206
290 206
290 205
290 204
291 204
291 203
291 202
292 202
292 201
292 200
293 200
293 199
294 199
294 198
295 198
295 197
295 196
296 196
296 195
296 194
296 193
297 193
298 193
298 192
298 191
298 190
298 189
298 188
298 187
298 186
299 186
300 186
300 187
301 187
302 187
303 187
303 188
304 188
304 189
304 190
305 190
305 191
306 191
307 191
308 191
308 190
308 189
307 189
307 188
306 188
306 187
306 186
306 185
305 185
305 184
305 183
304 183
304 182
303 182
303 181
303 180
302 180
302 179
301 179
300 179
300 180
300 181
300 182
300 183
299 183
299 182
298 182
298 181
297 181
297 180
296 180
296 179
296 178
296 177
296 176
296 175
295 175
295 174
295 173
295 172
294 172
294 171
294 170
294 169
293 169
292 169
291 169
290 169
290 168
290 167
289 167
289 166
289 165
289 164
289 163
289 162
288 162
287 162
286 162
286 161
285 161
285 160
284 160
284 159
284 158
284 157
284 156
283 156
282 156
282 157
281 157
280 157
279 157
278 157
278 158
277 158
277 157
276 157
276 156
275 156
275 155
275 154
274 154
274 153
273 153
272 153
271 153
271 154
271 155
271 156
270 156
270 157
269 157
269 156
269 155
269 154
269 153
269 152
269 151
269 150
269 149
269 148
269 147
269 146
268 146
268 145
268 144
268 143
268 142
267 142
267 141
267 140
266 140
266 139
266 138
266 137
266 136
266 135
267 135
267 134
267 133
267 132
268 132
268 131
268 130
269 130
269 129
270 129
270 128
271 128
271 127
271 126
271 125
272 125
272 124
272 123
273 123
273 122
274 122
274 123
275 123
275 124
276 124
277 124
277 125
278 125
278 126
278 127
279 127
279 128
279 129
280 129
280 130
280 131
280 132
281 132
282 132
282 131
283 131
283 130
284 130
284 131
285 131
285 132
286 132
287 132
287 133
288 133
288 134
289 134
290 134
291 134
291 133
291 132
292 132
292 131
293 131
293 130
294 130
294 129
294 128
294 127
294 126
294 125
295 125
295 124
296 124
296 123
296 122
296 121
295 121
295 120
294 120
293 120
292 120
291 120
291 119
291 118
290 118
290 117
289 117
289 116
288 116
287 116
286 116
286 117
286 118
286 119
286 120
286 121
285 121
284 121
283 121
283 120
282 120
282 119
281 119
281 118
281 117
281 116
280 116
280 115
280 114
279 114
279 113
279 112
280 112
280 111
280 110
280 109
281 109
281 108
281 107
281 106
280 106
279 106
279 107
279 108
278 108
278 109
278 110
277 110
277 111
276 111
276 110
276 109
275 109
275 108
275 107
274 107
273 107
272 107
272 106
272 105
272 104
272 103
271 103
271 102
270 102
270 101
270 100
270 99
269 99
269 98
269 97
269 96
269 95
269 94
268 94
268 93
268 92
267 92
267 91
267 90
267 89
267 88
266 88
266 87
266 86
266 85
266 84
267 84
267 83
267 82
267 81
267 80
267 79
268 79
269 79
269 80
269 81
270 81
271 81
271 82
272 82
272 83
272 84
273 84
273 85
273 86
273 87
274 87
275 87
275 86
276 86
277 86
277 87
277 88
277 89
278 89
279 89
279 90
279 91
279 92
279 93
280 93
281 93
281 92
281 91
282 91
283 91
283 92
283 93
283 94
283 95
284 95
285 95
285 94
285 93
286 93
286 92
286 91
287 91
287 90
288 90
288 89
289 89
289 90
290 90
290 91
290 92
291 92
292 92
293 92
293 91
294 91
294 90
294 89
293 89
292 89
292 88
291 88
291 87
291 86
291 85
292 85
292 84
292 83
293 83
293 82
294 82
295 82
296 82
296 81
297 81
297 80
298 80
299 80
299 81
300 81
301 81
302 81
302 82
303 82
303 83
304 83
304 84
305 84
305 85
306 85
306 86
306 87
306 88
306 89
306 90
306 91
307 91
308 91
309 91
309 90
310 90
311 90
311 89
311 88
311 87
311 86
310 86
309 86
309 85
308 85
308 84
308 83
307 83
306 83
306 82
306 81
305 81
305 80
304 80
303 80
303 79
302 79
301 79
301 78
300 78
299 78
298 78
298 77
298 76
299 76
299 75
299 74
299 73
299 72
300 72
300 71
301 71
301 70
301 69
302 69
303 69
304 69
305 69
306 69
306 70
307 70
307 71
308 71
309 71
310 71
310 72
311 72
312 72
313 72
313 73
314 73
314 74
314 75
315 75
315 76
316 76
316 77
316 78
317 78
317 79
318 79
319 79
319 80
320 80
320 81
320 82
320 83
321 83
322 83
323 83
323 82
323 81
323 80
322 80
322 79
322 78
322 77
321 77
321 76
321 75
321 74
321 73
321 72
320 72
320 71
319 71
318 71
318 70
317 70
317 69
316 69
315 69
314 69
314 68
313 68
312 68
311 68
311 67
310 67
309 67
308 67
308 66
308 65
307 65
307 64
307 63
307 62
307 61
307 60
306 60
306 59
306 58
307 58
307 57
307 56
307 55
307 54
308 54
308 53
309 53
310 53
310 52
310 51
309 51
308 51
308 50
307 50
307 49
306 49
306 48
305 48
305 47
304 47
304 46
304 45
304 44
304 43
304 42
304 41
304 40
305 40
305 39
305 38
304 38
304 37
303 37
302 37
302 36
302 35
302 34
302 33
301 33
301 32
301 31
301 30
300 30
300 29
300 28
300 27
299 27
299 26
299 25
299 24
299 23
299 22
299 21
299 20
300 20
300 19
301 19
301 18
301 17
302 17
303 17
304 17
305 17
306 17
306 18
306 19
307 19
307 20
308 20
309 20
309 19
310 19
310 18
310 17
309 17
309 16
309 15
309 14
309 13
308 13
307 13
307 12
307 11
308 11
308 10
308 9
308 8
309 8
310 8
311 8
312 8
313 8
314 8
314 7
314 6
314 5
315 5
315 4
315 3
316 3
316 2
317 2
317 1
-3 -3
299 1
299 2
298 2
297 2
296 2
295 2
295 3
295 4
294 4
293 4
293 5
293 6
292 6
291 6
291 5
290 5
289 5
289 4
288 4
288 3
287 3
287 2
286 2
286 1
-3 -3
169 1
169 2
169 3
169 4
168 4
168 5
168 6
167 6
167 7
166 7
166 8
166 9
165 9
164 9
163 9
162 9
161 9
161 10
160 10
159 10
158 10
158 11
157 11
156 11
155 11
155 12
155 13
154 13
154 14
153 14
153 15
152 15
152 16
151 16
151 17
151 18
151 19
150 19
149 19
149 20
149 21
150 21
150 22
151 22
151 23
151 24
152 24
153 24
153 25
153 26
153 27
153 28
152 28
152 29
151 29
151 30
150 30
150 31
149 31
148 31
147 31
147 30
147 29
146 29
146 28
146 27
147 27
147 26
148 26
148 25
148 24
148 23
147 23
146 23
145 23
145 24
144 24
143 24
143 23
143 22
143 21
143 20
142 20
142 19
141 19
140 19
139 19
139 18
138 18
138 17
138 16
139 16
139 15
139 14
138 14
138 13
138 12
138 11
138 10
138 9
137 9
137 8
136 8
135 8
134 8
134 7
133 7
132 7
131 7
131 6
131 5
131 4
130 4
130 3
129 3
128 3
128 2
128 1
-10 -10
