-3 -3
1 110
2 110
3 110
3 111
4 111
5 111
5 112
6 112
7 112
7 113
8 113
9 113
10 113
10 114
11 114
12 114
13 114
14 114
14 115
15 115
16 115
16 116
17 116
17 117
18 117
18 118
19 118
19 119
19 120
20 120
20 121
20 122
19 122
18 122
17 122
16 122
15 122
14 122
14 123
13 123
13 124
13 125
12 125
11 125
11 124
10 124
9 124
9 123
8 123
7 123
6 123
6 122
5 122
4 122
3 122
2 122
1 122
-3 -3
1 163
2 163
3 163
4 163
5 163
6 163
6 164
7 164
8 164
9 164
9 165
10 165
10 166
11 166
12 166
12 167
13 167
14 167
15 167
15 168
16 168
17 168
17 169
18 169
19 169
20 169
20 170
21 170
21 171
22 171
22 172
23 172
24 172
25 172
25 173
26 173
27 173
28 173
28 174
29 174
30 174
31 174
32 174
33 174
34 174
35 174
36 174
37 174
37 175
38 175
39 175
40 175
41 175
42 175
43 175
43 176
44 176
45 176
45 177
46 177
46 178
47 178
48 178
49 178
49 179
50 179
51 179
51 180
52 180
53 180
54 180
54 181
55 181
56 181
56 182
57 182
58 182
59 182
60 182
60 183
61 183
62 183
63 183
64 183
65 183
66 183
66 184
67 184
68 184
69 184
70 184
71 184
72 184
73 184
74 184
75 184
75 183
76 183
76 182
77 182
78 182
79 182
79 183
80 183
80 184
80 185
81 185
81 186
81 187
82 187
82 188
83 188
83 189
83 190
84 190
84 191
84 192
84 193
84 194
84 195
84 196
84 197
84 198
85 198
85 199
86 199
87 199
87 200
87 201
87 202
88 202
88 203
88 204
88 205
89 205
89 206
89 207
89 208
89 209
89 210
88 210
88 211
88 212
89 212
89 213
89 214
90 214
90 215
90 216
89 216
89 217
89 218
89 219
89 220
88 220
88 221
88 222
87 222
87 223
87 224
87 225
86 225
86 226
86 227
86 228
87 228
87 229
88 229
89 229
89 230
90 230
91 230
91 231
91 232
91 233
91 234
91 235
92 235
92 236
92 237
91 237
91 238
91 239
91 240
91 241
91 242
91 243
91 244
90 244
90 245
90 246
90 247
89 247
89 248
88 248
87 248
87 247
86 247
85 247
85 248
85 249
85 250
85 251
86 251
87 251
88 251
88 250
89 250
90 250
91 250
92 250
93 250
93 249
93 248
94 248
94 247
95 247
96 247
96 248
96 249
96 250
96 251
97 251
97 252
97 253
97 254
97 255
97 256
98 256
98 257
99 257
99 258
99 259
98 259
97 259
96 259
96 260
96 261
96 262
95 262
95 263
95 264
95 265
95 266
94 266
94 267
94 268
94 269
94 270
94 271
94 272
95 272
96 272
97 272
97 271
97 270
97 269
97 268
97 267
97 266
97 265
97 264
98 264
98 263
99 263
100 263
100 262
101 262
101 261
101 260
101 259
102 259
103 259
104 259
105 259
105 258
106 258
106 257
106 256
107 256
107 255
108 255
108 254
108 253
108 252
108 251
107 251
107 250
106 250
106 249
106 248
106 247
106 246
106 245
106 244
106 243
107 243
108 243
108 244
108 245
108 246
109 246
109 247
110 247
111 247
111 246
112 246
112 245
112 244
112 243
112 242
113 242
114 242
114 243
115 243
115 244
115 245
115 246
115 247
116 247
117 247
118 247
118 248
118 249
118 250
117 250
117 251
117 252
116 252
116 253
116 254
117 254
118 254
118 255
119 255
119 256
120 256
121 256
122 256
123 256
124 256
125 256
126 256
127 256
128 256
128 255
128 254
127 254
126 254
126 253
126 252
125 252
125 251
124 251
124 250
124 249
124 248
123 248
123 247
123 246
122 246
122 245
122 244
122 243
122 242
122 241
122 240
122 239
122 238
122 237
122 236
121 236
121 235
121 234
121 233
121 232
121 231
121 230
121 229
121 228
121 227
121 226
121 225
120 225
120 224
120 223
121 223
121 222
121 221
122 221
122 220
122 219
122 218
122 217
122 216
122 215
122 214
122 213
122 212
122 211
123 211
123 210
123 209
124 209
124 208
124 207
123 207
123 206
123 205
122 205
122 204
122 203
122 202
122 201
122 200
123 200
124 200
125 200
126 200
126 201
127 201
127 202
128 202
128 203
129 203
129 204
129 205
130 205
130 206
131 206
132 206
132 207
133 207
133 208
133 209
133 210
134 210
135 210
136 210
137 210
137 211
138 211
138 212
139 212
140 212
141 212
141 213
142 213
143 213
144 213
145 213
145 212
146 212
147 212
147 211
148 211
148 210
148 209
148 208
149 208
150 208
150 209
150 210
150 211
151 211
151 212
152 212
152 213
153 213
153 214
154 214
155 214
156 214
156 213
157 213
158 213
158 214
159 214
159 215
160 215
161 215
162 215
163 215
163 216
163 217
163 218
164 218
164 219
164 220
165 220
166 220
166 221
166 222
166 223
165 223
165 224
165 225
165 226
165 227
165 228
166 228
166 229
166 230
166 231
167 231
167 232
168 232
169 232
169 231
170 231
171 231
171 232
171 233
171 234
171 235
170 235
170 236
170 237
170 238
171 238
172 238
173 238
174 238
175 238
175 237
175 236
175 235
176 235
176 234
176 233
176 232
176 231
177 231
177 230
177 229
178 229
179 229
179 230
180 230
180 231
181 231
182 231
183 231
184 231
184 230
185 230
185 229
186 229
187 229
-10 -10
